<?xml version="1.0" encoding="UTF-8"?>
<testsuite xmlns:xsi="http://www.w3.org/2001/XMLSchema-instance" xsi:noNamespaceSchemaLocation="https://maven.apache.org/surefire/maven-surefire-plugin/xsd/surefire-test-report-3.0.xsd" version="3.0" name="TestSuite" time="66.995" tests="5" errors="0" skipped="0" failures="1">
  <properties>
[...]
</properties>
  <testcase name="AA_MoveTo_AutomationLink" classname="Suite.TestCase1" time="1.469">
    <system-out><![CDATA[[TestNGContentHandler] [WARN] It is strongly recommended to add "<!DOCTYPE suite SYSTEM "https://testng.org/testng-1.0.dtd" >" at the top of the suite file [E:\Sogeti_Stuttgart\Project_App\sogetiapp1\Run.xml] otherwise TestNG may fail or not work as expected.
07-17-2022 20:21:49 |TestCase1.java |INFO  [main] Suite.TestCase1 34 - Login into Application
Method name:AA_MoveTo_AutomationLink
07-17-2022 20:21:49 |TestCase1.java |INFO  [main] Suite.TestCase1 44 - Move to Services Text
07-17-2022 20:21:49 |TestCase1.java |INFO  [main] Suite.TestCase1 48 - Move to Automation Text
]]></system-out>
    <system-err><![CDATA[SLF4J: Failed to load class "org.slf4j.impl.StaticLoggerBinder".
SLF4J: Defaulting to no-operation (NOP) logger implementation
SLF4J: See http://www.slf4j.org/codes.html#StaticLoggerBinder for further details.
Starting ChromeDriver 103.0.5060.53 (a1711811edd74ff1cf2150f36ffa3b0dae40b17f-refs/branch-heads/5060@{#853}) on port 41979
Only local connections are allowed.
Please see https://chromedriver.chromium.org/security-considerations for suggestions on keeping ChromeDriver safe.
ChromeDriver was started successfully.
Jul 17, 2022 8:21:45 PM org.openqa.selenium.remote.ProtocolHandshake createSession
INFO: Detected dialect: W3C
]]></system-err>
  </testcase>
  <testcase name="AB_Verify_AutomationPage" classname="Suite.TestCase1" time="0.051">
    <system-out><![CDATA[07-17-2022 20:21:51 |TestCase1.java |INFO  [main] Suite.TestCase1 109 - Write the Result in Excel Sheet
3
END OF WRITING DATA IN EXCEL
Method name:AB_Verify_AutomationPage
07-17-2022 20:21:51 |TestCase1.java |INFO  [main] Suite.TestCase1 62 - Verify the URL Moved
07-17-2022 20:21:51 |TestCase1.java |INFO  [main] Suite.TestCase1 67 - Verify that Page is loaded completely
07-17-2022 20:21:51 |TestCase1.java |INFO  [main] Suite.TestCase1 72 - Verify the Page Title
]]></system-out>
  </testcase>
  <testcase name="AC_Verify_PageSelected" classname="Suite.TestCase1" time="0.245">
    <system-out><![CDATA[07-17-2022 20:21:51 |TestCase1.java |INFO  [main] Suite.TestCase1 109 - Write the Result in Excel Sheet
3
END OF WRITING DATA IN EXCEL
Method name:AC_Verify_PageSelected
07-17-2022 20:21:51 |TestCase1.java |INFO  [main] Suite.TestCase1 86 - Move to Services Text
07-17-2022 20:21:51 |TestCase1.java |INFO  [main] Suite.TestCase1 94 - Verify that the Services are Selected
07-17-2022 20:21:51 |TestCase1.java |INFO  [main] Suite.TestCase1 98 - Verify that the Automation are Selected
]]></system-out>
  </testcase>
  <testcase name="BA_ContactDetails" classname="Suite.TestCase2" time="30.985">
    <failure message="element click intercepted: Element &lt;button id=&quot;b35711ee-b569-48b4-8ec4-6476dbf61ef8&quot; name=&quot;submit&quot; type=&quot;submit&quot; value=&quot;b35711ee-b569-48b4-8ec4-6476dbf61ef8&quot; data-f-is-finalized=&quot;false&quot; data-f-is-progressive-submit=&quot;true&quot; data-f-type=&quot;submitbutton&quot; data-f-element-name=&quot;__field_155435&quot; class=&quot;Form__Element FormExcludeDataRebind FormSubmitButton text-white   bg-text-red  &quot;&gt;...&lt;/button&gt; is not clickable at point (217, 264). Other element would receive the click: &lt;iframe title=&quot;recaptcha challenge expires in two minutes&quot; src=&quot;https://www.google.com/recaptcha/api2/bframe?hl=en&amp;amp;v=4rwLQsl5N_ccppoTAwwwMrEN&amp;amp;k=6LexQgoaAAAAALYQRoWL4VDPIeQJ21RFjlN_Hb_G&quot; name=&quot;c-sc9n7vr4hxkl&quot; frameborder=&quot;0&quot; scrolling=&quot;no&quot; sandbox=&quot;allow-forms allow-popups allow-same-origin allow-scripts allow-top-navigation allow-modals allow-popups-to-escape-sandbox&quot; style=&quot;width: 400px; height: 580px;&quot; data-gtm-yt-inspected-33161183_49=&quot;true&quot; data-gtm-yt-inspected-33161183_54=&quot;true&quot;&gt;&lt;/iframe&gt;&#10;  (Session info: chrome=103.0.5060.114)&#10;Build info: version: &apos;4.0.0-alpha-4&apos;, revision: &apos;c2d955b49e&apos;&#10;System info: host: &apos;LAPTOP-8CMGURDK&apos;, ip: &apos;192.168.178.38&apos;, os.name: &apos;Windows 10&apos;, os.arch: &apos;amd64&apos;, os.version: &apos;10.0&apos;, java.version: &apos;14.0.2&apos;&#10;Driver info: org.openqa.selenium.chrome.ChromeDriver&#10;Capabilities {acceptInsecureCerts: false, browserName: chrome, browserVersion: 103.0.5060.114, chrome: {chromedriverVersion: 103.0.5060.53 (a1711811edd7..., userDataDir: C:\Users\priya\AppData\Loca...}, goog:chromeOptions: {debuggerAddress: localhost:59856}, javascriptEnabled: true, networkConnectionEnabled: false, pageLoadStrategy: normal, platform: WINDOWS, platformName: WINDOWS, proxy: Proxy(), setWindowRect: true, strictFileInteractability: false, timeouts: {implicit: 0, pageLoad: 300000, script: 30000}, unhandledPromptBehavior: dismiss and notify, webauthn:extension:credBlob: true, webauthn:extension:largeBlob: true, webauthn:virtualAuthenticators: true}&#10;Session ID: d3a56881ef07f5ef70e45589eafd8db3" type="org.openqa.selenium.ElementClickInterceptedException"><![CDATA[org.openqa.selenium.ElementClickInterceptedException: 
element click intercepted: Element <button id="b35711ee-b569-48b4-8ec4-6476dbf61ef8" name="submit" type="submit" value="b35711ee-b569-48b4-8ec4-6476dbf61ef8" data-f-is-finalized="false" data-f-is-progressive-submit="true" data-f-type="submitbutton" data-f-element-name="__field_155435" class="Form__Element FormExcludeDataRebind FormSubmitButton text-white   bg-text-red  ">...</button> is not clickable at point (217, 264). Other element would receive the click: <iframe title="recaptcha challenge expires in two minutes" src="https://www.google.com/recaptcha/api2/bframe?hl=en&amp;v=4rwLQsl5N_ccppoTAwwwMrEN&amp;k=6LexQgoaAAAAALYQRoWL4VDPIeQJ21RFjlN_Hb_G" name="c-sc9n7vr4hxkl" frameborder="0" scrolling="no" sandbox="allow-forms allow-popups allow-same-origin allow-scripts allow-top-navigation allow-modals allow-popups-to-escape-sandbox" style="width: 400px; height: 580px;" data-gtm-yt-inspected-33161183_49="true" data-gtm-yt-inspected-33161183_54="true"></iframe>
  (Session info: chrome=103.0.5060.114)
Build info: version: '4.0.0-alpha-4', revision: 'c2d955b49e'
System info: host: 'LAPTOP-8CMGURDK', ip: '192.168.178.38', os.name: 'Windows 10', os.arch: 'amd64', os.version: '10.0', java.version: '14.0.2'
Driver info: org.openqa.selenium.chrome.ChromeDriver
Capabilities {acceptInsecureCerts: false, browserName: chrome, browserVersion: 103.0.5060.114, chrome: {chromedriverVersion: 103.0.5060.53 (a1711811edd7..., userDataDir: C:\Users\priya\AppData\Loca...}, goog:chromeOptions: {debuggerAddress: localhost:59856}, javascriptEnabled: true, networkConnectionEnabled: false, pageLoadStrategy: normal, platform: WINDOWS, platformName: WINDOWS, proxy: Proxy(), setWindowRect: true, strictFileInteractability: false, timeouts: {implicit: 0, pageLoad: 300000, script: 30000}, unhandledPromptBehavior: dismiss and notify, webauthn:extension:credBlob: true, webauthn:extension:largeBlob: true, webauthn:virtualAuthenticators: true}
Session ID: d3a56881ef07f5ef70e45589eafd8db3
	at java.base/jdk.internal.reflect.NativeConstructorAccessorImpl.newInstance0(Native Method)
	at java.base/jdk.internal.reflect.NativeConstructorAccessorImpl.newInstance(NativeConstructorAccessorImpl.java:62)
	at java.base/jdk.internal.reflect.DelegatingConstructorAccessorImpl.newInstance(DelegatingConstructorAccessorImpl.java:45)
	at java.base/java.lang.reflect.Constructor.newInstanceWithCaller(Constructor.java:500)
	at java.base/java.lang.reflect.Constructor.newInstance(Constructor.java:481)
	at org.openqa.selenium.remote.codec.w3c.W3CHttpResponseCodec.createException(W3CHttpResponseCodec.java:196)
	at org.openqa.selenium.remote.codec.w3c.W3CHttpResponseCodec.decode(W3CHttpResponseCodec.java:129)
	at org.openqa.selenium.remote.codec.w3c.W3CHttpResponseCodec.decode(W3CHttpResponseCodec.java:53)
	at org.openqa.selenium.remote.HttpCommandExecutor.execute(HttpCommandExecutor.java:161)
	at org.openqa.selenium.remote.service.DriverCommandExecutor.execute(DriverCommandExecutor.java:83)
	at org.openqa.selenium.remote.RemoteWebDriver.execute(RemoteWebDriver.java:582)
	at org.openqa.selenium.remote.RemoteWebElement.execute(RemoteWebElement.java:316)
	at org.openqa.selenium.remote.RemoteWebElement.click(RemoteWebElement.java:85)
	at utils.TestBase.clickelement(TestBase.java:112)
	at Suite.TestCase2.BA_ContactDetails(TestCase2.java:172)
	at java.base/jdk.internal.reflect.NativeMethodAccessorImpl.invoke0(Native Method)
	at java.base/jdk.internal.reflect.NativeMethodAccessorImpl.invoke(NativeMethodAccessorImpl.java:62)
	at java.base/jdk.internal.reflect.DelegatingMethodAccessorImpl.invoke(DelegatingMethodAccessorImpl.java:43)
	at java.base/java.lang.reflect.Method.invoke(Method.java:564)
	at org.testng.internal.MethodInvocationHelper.invokeMethod(MethodInvocationHelper.java:133)
	at org.testng.internal.TestInvoker.invokeMethod(TestInvoker.java:598)
	at org.testng.internal.TestInvoker.invokeTestMethod(TestInvoker.java:173)
	at org.testng.internal.MethodRunner.runInSequence(MethodRunner.java:46)
	at org.testng.internal.TestInvoker$MethodInvocationAgent.invoke(TestInvoker.java:824)
	at org.testng.internal.TestInvoker.invokeTestMethods(TestInvoker.java:146)
	at org.testng.internal.TestMethodWorker.invokeTestMethods(TestMethodWorker.java:146)
	at org.testng.internal.TestMethodWorker.run(TestMethodWorker.java:128)
	at java.base/java.util.ArrayList.forEach(ArrayList.java:1511)
	at org.testng.TestRunner.privateRun(TestRunner.java:794)
	at org.testng.TestRunner.run(TestRunner.java:596)
	at org.testng.SuiteRunner.runTest(SuiteRunner.java:377)
	at org.testng.SuiteRunner.runSequentially(SuiteRunner.java:371)
	at org.testng.SuiteRunner.privateRun(SuiteRunner.java:332)
	at org.testng.SuiteRunner.run(SuiteRunner.java:276)
	at org.testng.SuiteRunnerWorker.runSuite(SuiteRunnerWorker.java:53)
	at org.testng.SuiteRunnerWorker.run(SuiteRunnerWorker.java:96)
	at org.testng.TestNG.runSuitesSequentially(TestNG.java:1212)
	at org.testng.TestNG.runSuitesSequentially(TestNG.java:1207)
	at org.testng.TestNG.runSuitesLocally(TestNG.java:1134)
	at org.testng.TestNG.runSuites(TestNG.java:1063)
	at org.testng.TestNG.run(TestNG.java:1031)
	at org.apache.maven.surefire.testng.TestNGExecutor.run(TestNGExecutor.java:324)
	at org.apache.maven.surefire.testng.TestNGXmlTestSuite.execute(TestNGXmlTestSuite.java:74)
	at org.apache.maven.surefire.testng.TestNGProvider.invoke(TestNGProvider.java:123)
	at org.apache.maven.surefire.booter.ForkedBooter.runSuitesInProcess(ForkedBooter.java:456)
	at org.apache.maven.surefire.booter.ForkedBooter.execute(ForkedBooter.java:169)
	at org.apache.maven.surefire.booter.ForkedBooter.run(ForkedBooter.java:595)
	at org.apache.maven.surefire.booter.ForkedBooter.main(ForkedBooter.java:581)
]]></failure>
    <system-out><![CDATA[07-17-2022 20:21:51 |TestCase1.java |INFO  [main] Suite.TestCase1 109 - Write the Result in Excel Sheet
3
END OF WRITING DATA IN EXCEL
07-17-2022 20:21:52 |TestCase1.java |INFO  [main] Suite.TestCase1 118 - Log the Console Errors
07-17-2022 20:21:52 |TestCase1.java |INFO  [main] Suite.TestCase1 121 - Close the application
07-17-2022 20:21:56 |TestCase1.java |INFO  [main] Suite.TestCase1 124 - Close all browsers
07-17-2022 20:22:02 |TestCase2.java |INFO  [main] Suite.TestCase2 42 - Login into Application
Method name:BA_ContactDetails
07-17-2022 20:22:02 |TestCase2.java |INFO  [main] Suite.TestCase2 51 - Move to Services Text
07-17-2022 20:22:03 |TestCase2.java |INFO  [main] Suite.TestCase2 54 - Move to Automation Text
07-17-2022 20:22:04 |TestCase2.java |INFO  [main] Suite.TestCase2 61 - Scroll down the Page
07-17-2022 20:22:08 |TestCase2.java |INFO  [main] Suite.TestCase2 67 - Collect datas from Fairy tool
07-17-2022 20:22:08 |TestCase2.java |INFO  [main] Suite.TestCase2 76 - Submit the Form to verify for Error Message
07-17-2022 20:22:08 |TestCase2.java |INFO  [main] Suite.TestCase2 79 - Validate the Error Message and Enter Frist Name
07-17-2022 20:22:10 |TestCase2.java |INFO  [main] Suite.TestCase2 88 - Validate the Error Message and Enter Last Name
07-17-2022 20:22:11 |TestCase2.java |INFO  [main] Suite.TestCase2 97 - Validate the Error Message and Enter Email
07-17-2022 20:22:12 |TestCase2.java |INFO  [main] Suite.TestCase2 106 - Validate the Error Message and Enter Phone Number
07-17-2022 20:22:13 |TestCase2.java |INFO  [main] Suite.TestCase2 115 - Validate the Error Message and Enter Company Name
07-17-2022 20:22:15 |TestCase2.java |INFO  [main] Suite.TestCase2 124 - Validate the Error Message and Enter Country Name
07-17-2022 20:22:18 |TestCase2.java |INFO  [main] Suite.TestCase2 135 - Validate the Error Message and Enter Message
07-17-2022 20:22:20 |TestCase2.java |INFO  [main] Suite.TestCase2 144 - Click Agree CheckBox
07-17-2022 20:22:20 |TestCase2.java |INFO  [main] Suite.TestCase2 148 - Captcha Workaround
07-17-2022 20:22:21 |TestCase2.java |INFO  [main] Suite.TestCase2 159 - Click Captcha Check Box
07-17-2022 20:22:24 |TestCase2.java |INFO  [main] Suite.TestCase2 167 - Select Captcha manually
07-17-2022 20:22:32 |TestCase2.java |INFO  [main] Suite.TestCase2 171 - Click Submit button
***** Error BA_ContactDetails test has failed *****
]]></system-out>
    <system-err><![CDATA[Starting ChromeDriver 103.0.5060.53 (a1711811edd74ff1cf2150f36ffa3b0dae40b17f-refs/branch-heads/5060@{#853}) on port 20110
Only local connections are allowed.
Please see https://chromedriver.chromium.org/security-considerations for suggestions on keeping ChromeDriver safe.
ChromeDriver was started successfully.
Jul 17, 2022 8:21:57 PM org.openqa.selenium.remote.ProtocolHandshake createSession
INFO: Detected dialect: W3C
]]></system-err>
  </testcase>
  <testcase name="CA_LinksVerify" classname="Suite.TestCase3" time="4.883">
    <system-out><![CDATA[07-17-2022 20:22:33 |TestCase2.java |INFO  [main] Suite.TestCase2 196 - Write the Result in Excel Sheet
1
END OF WRITING DATA IN EXCEL
07-17-2022 20:22:34 |TestCase2.java |INFO  [main] Suite.TestCase2 204 - Log the Console Errors
07-17-2022 20:22:34 |TestCase2.java |INFO  [main] Suite.TestCase2 207 - Close the application
07-17-2022 20:22:34 |TestCase2.java |INFO  [main] Suite.TestCase2 210 - Close all browsers
07-17-2022 20:22:34 |TestCase3.java |INFO  [main] Suite.TestCase3 47 - Login into Application
Method name:CA_LinksVerify
07-17-2022 20:22:39 |TestCase3.java |INFO  [main] Suite.TestCase3 55 - Click on WorldWide
07-17-2022 20:22:39 |TestCase3.java |INFO  [main] Suite.TestCase3 58 - List all countries
07-17-2022 20:22:39 |TestCase3.java |INFO  [main] Suite.TestCase3 62 - Get the Country name and URL and Validate the URL
07-17-2022 20:22:39 |TestCase3.java |INFO  [main] Suite.TestCase3 64 - Get the country Name 
07-17-2022 20:22:39 |TestCase3.java |INFO  [main] Suite.TestCase3 67 - Get the URL of Matched Country
07-17-2022 20:22:39 |TestCase3.java |INFO  [main] Suite.TestCase3 70 - Check if URL is Null or Empty
07-17-2022 20:22:39 |TestCase3.java |INFO  [main] Suite.TestCase3 76 - Open the Connection
07-17-2022 20:22:39 |TestCase3.java |INFO  [main] Suite.TestCase3 79 - Set the Request Method
07-17-2022 20:22:39 |TestCase3.java |INFO  [main] Suite.TestCase3 82 - Establish the connection
07-17-2022 20:22:40 |TestCase3.java |INFO  [main] Suite.TestCase3 85 - Get the Response Status Code
07-17-2022 20:22:40 |TestCase3.java |INFO  [main] Suite.TestCase3 88 - Validate the URL is Valid or Not
07-17-2022 20:22:40 |TestCase3.java |INFO  [main] Suite.TestCase3 98 - Validated URL
07-17-2022 20:22:40 |TestCase3.java |INFO  [main] Suite.TestCase3 64 - Get the country Name 
07-17-2022 20:22:40 |TestCase3.java |INFO  [main] Suite.TestCase3 67 - Get the URL of Matched Country
07-17-2022 20:22:40 |TestCase3.java |INFO  [main] Suite.TestCase3 70 - Check if URL is Null or Empty
07-17-2022 20:22:40 |TestCase3.java |INFO  [main] Suite.TestCase3 76 - Open the Connection
07-17-2022 20:22:40 |TestCase3.java |INFO  [main] Suite.TestCase3 79 - Set the Request Method
07-17-2022 20:22:40 |TestCase3.java |INFO  [main] Suite.TestCase3 82 - Establish the connection
07-17-2022 20:22:40 |TestCase3.java |INFO  [main] Suite.TestCase3 85 - Get the Response Status Code
07-17-2022 20:22:40 |TestCase3.java |INFO  [main] Suite.TestCase3 88 - Validate the URL is Valid or Not
07-17-2022 20:22:40 |TestCase3.java |INFO  [main] Suite.TestCase3 98 - Validated URL
07-17-2022 20:22:40 |TestCase3.java |INFO  [main] Suite.TestCase3 64 - Get the country Name 
07-17-2022 20:22:40 |TestCase3.java |INFO  [main] Suite.TestCase3 67 - Get the URL of Matched Country
07-17-2022 20:22:40 |TestCase3.java |INFO  [main] Suite.TestCase3 70 - Check if URL is Null or Empty
07-17-2022 20:22:40 |TestCase3.java |INFO  [main] Suite.TestCase3 76 - Open the Connection
07-17-2022 20:22:40 |TestCase3.java |INFO  [main] Suite.TestCase3 79 - Set the Request Method
07-17-2022 20:22:40 |TestCase3.java |INFO  [main] Suite.TestCase3 82 - Establish the connection
07-17-2022 20:22:40 |TestCase3.java |INFO  [main] Suite.TestCase3 85 - Get the Response Status Code
07-17-2022 20:22:41 |TestCase3.java |INFO  [main] Suite.TestCase3 88 - Validate the URL is Valid or Not
07-17-2022 20:22:41 |TestCase3.java |INFO  [main] Suite.TestCase3 98 - Validated URL
07-17-2022 20:22:41 |TestCase3.java |INFO  [main] Suite.TestCase3 64 - Get the country Name 
07-17-2022 20:22:41 |TestCase3.java |INFO  [main] Suite.TestCase3 67 - Get the URL of Matched Country
07-17-2022 20:22:41 |TestCase3.java |INFO  [main] Suite.TestCase3 70 - Check if URL is Null or Empty
07-17-2022 20:22:41 |TestCase3.java |INFO  [main] Suite.TestCase3 76 - Open the Connection
07-17-2022 20:22:41 |TestCase3.java |INFO  [main] Suite.TestCase3 79 - Set the Request Method
07-17-2022 20:22:41 |TestCase3.java |INFO  [main] Suite.TestCase3 82 - Establish the connection
07-17-2022 20:22:41 |TestCase3.java |INFO  [main] Suite.TestCase3 85 - Get the Response Status Code
07-17-2022 20:22:41 |TestCase3.java |INFO  [main] Suite.TestCase3 88 - Validate the URL is Valid or Not
07-17-2022 20:22:41 |TestCase3.java |INFO  [main] Suite.TestCase3 98 - Validated URL
07-17-2022 20:22:41 |TestCase3.java |INFO  [main] Suite.TestCase3 64 - Get the country Name 
07-17-2022 20:22:41 |TestCase3.java |INFO  [main] Suite.TestCase3 67 - Get the URL of Matched Country
07-17-2022 20:22:41 |TestCase3.java |INFO  [main] Suite.TestCase3 70 - Check if URL is Null or Empty
07-17-2022 20:22:41 |TestCase3.java |INFO  [main] Suite.TestCase3 76 - Open the Connection
07-17-2022 20:22:41 |TestCase3.java |INFO  [main] Suite.TestCase3 79 - Set the Request Method
07-17-2022 20:22:41 |TestCase3.java |INFO  [main] Suite.TestCase3 82 - Establish the connection
07-17-2022 20:22:41 |TestCase3.java |INFO  [main] Suite.TestCase3 85 - Get the Response Status Code
07-17-2022 20:22:42 |TestCase3.java |INFO  [main] Suite.TestCase3 88 - Validate the URL is Valid or Not
07-17-2022 20:22:42 |TestCase3.java |INFO  [main] Suite.TestCase3 98 - Validated URL
07-17-2022 20:22:42 |TestCase3.java |INFO  [main] Suite.TestCase3 64 - Get the country Name 
07-17-2022 20:22:42 |TestCase3.java |INFO  [main] Suite.TestCase3 67 - Get the URL of Matched Country
07-17-2022 20:22:42 |TestCase3.java |INFO  [main] Suite.TestCase3 70 - Check if URL is Null or Empty
07-17-2022 20:22:42 |TestCase3.java |INFO  [main] Suite.TestCase3 76 - Open the Connection
07-17-2022 20:22:42 |TestCase3.java |INFO  [main] Suite.TestCase3 79 - Set the Request Method
07-17-2022 20:22:42 |TestCase3.java |INFO  [main] Suite.TestCase3 82 - Establish the connection
07-17-2022 20:22:42 |TestCase3.java |INFO  [main] Suite.TestCase3 85 - Get the Response Status Code
07-17-2022 20:22:42 |TestCase3.java |INFO  [main] Suite.TestCase3 88 - Validate the URL is Valid or Not
07-17-2022 20:22:42 |TestCase3.java |INFO  [main] Suite.TestCase3 98 - Validated URL
07-17-2022 20:22:42 |TestCase3.java |INFO  [main] Suite.TestCase3 64 - Get the country Name 
07-17-2022 20:22:42 |TestCase3.java |INFO  [main] Suite.TestCase3 67 - Get the URL of Matched Country
07-17-2022 20:22:42 |TestCase3.java |INFO  [main] Suite.TestCase3 70 - Check if URL is Null or Empty
07-17-2022 20:22:42 |TestCase3.java |INFO  [main] Suite.TestCase3 76 - Open the Connection
07-17-2022 20:22:42 |TestCase3.java |INFO  [main] Suite.TestCase3 79 - Set the Request Method
07-17-2022 20:22:42 |TestCase3.java |INFO  [main] Suite.TestCase3 82 - Establish the connection
07-17-2022 20:22:42 |TestCase3.java |INFO  [main] Suite.TestCase3 85 - Get the Response Status Code
07-17-2022 20:22:42 |TestCase3.java |INFO  [main] Suite.TestCase3 88 - Validate the URL is Valid or Not
07-17-2022 20:22:42 |TestCase3.java |INFO  [main] Suite.TestCase3 98 - Validated URL
07-17-2022 20:22:42 |TestCase3.java |INFO  [main] Suite.TestCase3 64 - Get the country Name 
07-17-2022 20:22:42 |TestCase3.java |INFO  [main] Suite.TestCase3 67 - Get the URL of Matched Country
07-17-2022 20:22:42 |TestCase3.java |INFO  [main] Suite.TestCase3 70 - Check if URL is Null or Empty
07-17-2022 20:22:42 |TestCase3.java |INFO  [main] Suite.TestCase3 76 - Open the Connection
07-17-2022 20:22:42 |TestCase3.java |INFO  [main] Suite.TestCase3 79 - Set the Request Method
07-17-2022 20:22:42 |TestCase3.java |INFO  [main] Suite.TestCase3 82 - Establish the connection
07-17-2022 20:22:42 |TestCase3.java |INFO  [main] Suite.TestCase3 85 - Get the Response Status Code
07-17-2022 20:22:42 |TestCase3.java |INFO  [main] Suite.TestCase3 88 - Validate the URL is Valid or Not
07-17-2022 20:22:42 |TestCase3.java |INFO  [main] Suite.TestCase3 98 - Validated URL
07-17-2022 20:22:42 |TestCase3.java |INFO  [main] Suite.TestCase3 64 - Get the country Name 
07-17-2022 20:22:42 |TestCase3.java |INFO  [main] Suite.TestCase3 67 - Get the URL of Matched Country
07-17-2022 20:22:42 |TestCase3.java |INFO  [main] Suite.TestCase3 70 - Check if URL is Null or Empty
07-17-2022 20:22:42 |TestCase3.java |INFO  [main] Suite.TestCase3 76 - Open the Connection
07-17-2022 20:22:42 |TestCase3.java |INFO  [main] Suite.TestCase3 79 - Set the Request Method
07-17-2022 20:22:42 |TestCase3.java |INFO  [main] Suite.TestCase3 82 - Establish the connection
07-17-2022 20:22:43 |TestCase3.java |INFO  [main] Suite.TestCase3 85 - Get the Response Status Code
07-17-2022 20:22:43 |TestCase3.java |INFO  [main] Suite.TestCase3 88 - Validate the URL is Valid or Not
07-17-2022 20:22:43 |TestCase3.java |INFO  [main] Suite.TestCase3 98 - Validated URL
07-17-2022 20:22:43 |TestCase3.java |INFO  [main] Suite.TestCase3 64 - Get the country Name 
07-17-2022 20:22:43 |TestCase3.java |INFO  [main] Suite.TestCase3 67 - Get the URL of Matched Country
07-17-2022 20:22:43 |TestCase3.java |INFO  [main] Suite.TestCase3 70 - Check if URL is Null or Empty
07-17-2022 20:22:43 |TestCase3.java |INFO  [main] Suite.TestCase3 76 - Open the Connection
07-17-2022 20:22:43 |TestCase3.java |INFO  [main] Suite.TestCase3 79 - Set the Request Method
07-17-2022 20:22:43 |TestCase3.java |INFO  [main] Suite.TestCase3 82 - Establish the connection
07-17-2022 20:22:43 |TestCase3.java |INFO  [main] Suite.TestCase3 85 - Get the Response Status Code
07-17-2022 20:22:43 |TestCase3.java |INFO  [main] Suite.TestCase3 88 - Validate the URL is Valid or Not
07-17-2022 20:22:43 |TestCase3.java |INFO  [main] Suite.TestCase3 98 - Validated URL
07-17-2022 20:22:43 |TestCase3.java |INFO  [main] Suite.TestCase3 64 - Get the country Name 
07-17-2022 20:22:43 |TestCase3.java |INFO  [main] Suite.TestCase3 67 - Get the URL of Matched Country
07-17-2022 20:22:43 |TestCase3.java |INFO  [main] Suite.TestCase3 70 - Check if URL is Null or Empty
07-17-2022 20:22:43 |TestCase3.java |INFO  [main] Suite.TestCase3 76 - Open the Connection
07-17-2022 20:22:43 |TestCase3.java |INFO  [main] Suite.TestCase3 79 - Set the Request Method
07-17-2022 20:22:43 |TestCase3.java |INFO  [main] Suite.TestCase3 82 - Establish the connection
07-17-2022 20:22:44 |TestCase3.java |INFO  [main] Suite.TestCase3 85 - Get the Response Status Code
07-17-2022 20:22:44 |TestCase3.java |INFO  [main] Suite.TestCase3 88 - Validate the URL is Valid or Not
07-17-2022 20:22:44 |TestCase3.java |INFO  [main] Suite.TestCase3 98 - Validated URL
07-17-2022 20:22:44 |TestCase3.java |INFO  [main] Suite.TestCase3 64 - Get the country Name 
07-17-2022 20:22:44 |TestCase3.java |INFO  [main] Suite.TestCase3 67 - Get the URL of Matched Country
07-17-2022 20:22:44 |TestCase3.java |INFO  [main] Suite.TestCase3 70 - Check if URL is Null or Empty
07-17-2022 20:22:44 |TestCase3.java |INFO  [main] Suite.TestCase3 76 - Open the Connection
07-17-2022 20:22:44 |TestCase3.java |INFO  [main] Suite.TestCase3 79 - Set the Request Method
07-17-2022 20:22:44 |TestCase3.java |INFO  [main] Suite.TestCase3 82 - Establish the connection
07-17-2022 20:22:44 |TestCase3.java |INFO  [main] Suite.TestCase3 85 - Get the Response Status Code
07-17-2022 20:22:44 |TestCase3.java |INFO  [main] Suite.TestCase3 88 - Validate the URL is Valid or Not
07-17-2022 20:22:44 |TestCase3.java |INFO  [main] Suite.TestCase3 98 - Validated URL
]]></system-out>
    <system-err><![CDATA[Starting ChromeDriver 103.0.5060.53 (a1711811edd74ff1cf2150f36ffa3b0dae40b17f-refs/branch-heads/5060@{#853}) on port 33029
Only local connections are allowed.
Please see https://chromedriver.chromium.org/security-considerations for suggestions on keeping ChromeDriver safe.
ChromeDriver was started successfully.
Jul 17, 2022 8:22:35 PM org.openqa.selenium.remote.ProtocolHandshake createSession
INFO: Detected dialect: W3C
]]></system-err>
  </testcase>
</testsuite>