<?xml version="1.0" encoding="UTF-8"?>
<!-- Generated by org.testng.reporters.JUnitXMLReporter -->
<testsuite ignored="0" hostname="LAPTOP-8CMGURDK" failures="0" tests="3" name="Test1" time="8.325" errors="0" timestamp="2022-07-17T20:28:49 CEST">
  <testcase classname="Suite.TestCase1" name="AA_MoveTo_AutomationLink" time="1.502"/>
  <testcase classname="Suite.TestCase1" name="AB_Verify_AutomationPage" time="0.031"/>
  <testcase classname="Suite.TestCase1" name="AC_Verify_PageSelected" time="0.25"/>
</testsuite> <!-- Test1 -->
