<?xml version="1.0" encoding="UTF-8"?>
<!-- Generated by org.testng.reporters.JUnitXMLReporter -->
<testsuite ignored="0" hostname="LAPTOP-8CMGURDK" failures="1" tests="1" name="Test2" time="36.151" errors="0" timestamp="2022-07-17T20:29:30 CEST">
  <testcase classname="Suite.TestCase2" name="BA_ContactDetails" time="30.56">
    <failure type="org.openqa.selenium.ElementClickInterceptedException" message="element click intercepted: Element &amp;lt;button id=&amp;quot;b35711ee-b569-48b4-8ec4-6476dbf61ef8&amp;quot; name=&amp;quot;submit&amp;quot; type=&amp;quot;submit&amp;quot; value=&amp;quot;b35711ee-b569-48b4-8ec4-6476dbf61ef8&amp;quot; data-f-is-finalized=&amp;quot;false&amp;quot; data-f-is-progressive-submit=&amp;quot;true&amp;quot; data-f-type=&amp;quot;submitbutton&amp;quot; data-f-element-name=&amp;quot;__field_155435&amp;quot; class=&amp;quot;Form__Element FormExcludeDataRebind FormSubmitButton text-white   bg-text-red  &amp;quot;&amp;gt;...&amp;lt;/button&amp;gt; is not clickable at point (217, 265). Other element would receive the click: &amp;lt;iframe title=&amp;quot;recaptcha challenge expires in two minutes&amp;quot; src=&amp;quot;https://www.google.com/recaptcha/api2/bframe?hl=en&amp;amp;amp;v=4rwLQsl5N_ccppoTAwwwMrEN&amp;amp;amp;k=6LexQgoaAAAAALYQRoWL4VDPIeQJ21RFjlN_Hb_G&amp;quot; name=&amp;quot;c-wqvt3upyexnz&amp;quot; frameborder=&amp;quot;0&amp;quot; scrolling=&amp;quot;no&amp;quot; sandbox=&amp;quot;allow-forms allow-popups allow-same-origin allow-scripts allow-top-navigation allow-modals allow-popups-to-escape-sandbox&amp;quot; data-gtm-yt-inspected-33161183_49=&amp;quot;true&amp;quot; data-gtm-yt-inspected-33161183_54=&amp;quot;true&amp;quot; style=&amp;quot;width: 400px; height: 580px;&amp;quot;&amp;gt;&amp;lt;/iframe&amp;gt;
  (Session info: chrome=103.0.5060.114)
Build info: version: &amp;apos;4.0.0-alpha-4&amp;apos;, revision: &amp;apos;c2d955b49e&amp;apos;
System info: host: &amp;apos;LAPTOP-8CMGURDK&amp;apos;, ip: &amp;apos;192.168.178.38&amp;apos;, os.name: &amp;apos;Windows 10&amp;apos;, os.arch: &amp;apos;amd64&amp;apos;, os.version: &amp;apos;10.0&amp;apos;, java.version: &amp;apos;14.0.2&amp;apos;
Driver info: org.openqa.selenium.chrome.ChromeDriver
Capabilities {acceptInsecureCerts: false, browserName: chrome, browserVersion: 103.0.5060.114, chrome: {chromedriverVersion: 103.0.5060.53 (a1711811edd7..., userDataDir: C:\Users\priya\AppData\Loca...}, goog:chromeOptions: {debuggerAddress: localhost:60623}, javascriptEnabled: true, networkConnectionEnabled: false, pageLoadStrategy: normal, platform: WINDOWS, platformName: WINDOWS, proxy: Proxy(), setWindowRect: true, strictFileInteractability: false, timeouts: {implicit: 0, pageLoad: 300000, script: 30000}, unhandledPromptBehavior: dismiss and notify, webauthn:extension:credBlob: true, webauthn:extension:largeBlob: true, webauthn:virtualAuthenticators: true}
Session ID: 663329e391634e087ec1e3f6cfe001be">
      <![CDATA[org.openqa.selenium.ElementClickInterceptedException: element click intercepted: Element <button id="b35711ee-b569-48b4-8ec4-6476dbf61ef8" name="submit" type="submit" value="b35711ee-b569-48b4-8ec4-6476dbf61ef8" data-f-is-finalized="false" data-f-is-progressive-submit="true" data-f-type="submitbutton" data-f-element-name="__field_155435" class="Form__Element FormExcludeDataRebind FormSubmitButton text-white   bg-text-red  ">...</button> is not clickable at point (217, 265). Other element would receive the click: <iframe title="recaptcha challenge expires in two minutes" src="https://www.google.com/recaptcha/api2/bframe?hl=en&amp;v=4rwLQsl5N_ccppoTAwwwMrEN&amp;k=6LexQgoaAAAAALYQRoWL4VDPIeQJ21RFjlN_Hb_G" name="c-wqvt3upyexnz" frameborder="0" scrolling="no" sandbox="allow-forms allow-popups allow-same-origin allow-scripts allow-top-navigation allow-modals allow-popups-to-escape-sandbox" data-gtm-yt-inspected-33161183_49="true" data-gtm-yt-inspected-33161183_54="true" style="width: 400px; height: 580px;"></iframe>
  (Session info: chrome=103.0.5060.114)
Build info: version: '4.0.0-alpha-4', revision: 'c2d955b49e'
System info: host: 'LAPTOP-8CMGURDK', ip: '192.168.178.38', os.name: 'Windows 10', os.arch: 'amd64', os.version: '10.0', java.version: '14.0.2'
Driver info: org.openqa.selenium.chrome.ChromeDriver
Capabilities {acceptInsecureCerts: false, browserName: chrome, browserVersion: 103.0.5060.114, chrome: {chromedriverVersion: 103.0.5060.53 (a1711811edd7..., userDataDir: C:\Users\priya\AppData\Loca...}, goog:chromeOptions: {debuggerAddress: localhost:60623}, javascriptEnabled: true, networkConnectionEnabled: false, pageLoadStrategy: normal, platform: WINDOWS, platformName: WINDOWS, proxy: Proxy(), setWindowRect: true, strictFileInteractability: false, timeouts: {implicit: 0, pageLoad: 300000, script: 30000}, unhandledPromptBehavior: dismiss and notify, webauthn:extension:credBlob: true, webauthn:extension:largeBlob: true, webauthn:virtualAuthenticators: true}
Session ID: 663329e391634e087ec1e3f6cfe001be
at org.openqa.selenium.remote.codec.w3c.W3CHttpResponseCodec.createException(W3CHttpResponseCodec.java:196)
at org.openqa.selenium.remote.codec.w3c.W3CHttpResponseCodec.decode(W3CHttpResponseCodec.java:129)
at org.openqa.selenium.remote.codec.w3c.W3CHttpResponseCodec.decode(W3CHttpResponseCodec.java:53)
at org.openqa.selenium.remote.HttpCommandExecutor.execute(HttpCommandExecutor.java:161)
at org.openqa.selenium.remote.service.DriverCommandExecutor.execute(DriverCommandExecutor.java:83)
at org.openqa.selenium.remote.RemoteWebDriver.execute(RemoteWebDriver.java:582)
at org.openqa.selenium.remote.RemoteWebElement.execute(RemoteWebElement.java:316)
at org.openqa.selenium.remote.RemoteWebElement.click(RemoteWebElement.java:85)
at utils.TestBase.clickelement(TestBase.java:112)
at Suite.TestCase2.BA_ContactDetails(TestCase2.java:172)
at java.base/java.util.ArrayList.forEach(ArrayList.java:1511)
... Removed 33 stack frames]]>
    </failure>
  </testcase> <!-- BA_ContactDetails -->
</testsuite> <!-- Test2 -->
